# JRE version: OpenJDK Runtime Environment Temurin-21.0.8+9 (21.0.8+9) (build 21.0.8+9-LTS)
# Java VM: OpenJDK 64-Bit Server VM Temurin-21.0.8+9 (21.0.8+9-LTS, mixed mode, sharing, tiered, compressed oops, compressed class ptrs, parallel gc, windows-amd64)
GC Precious Log:
 CardTable entry size: 512
 CPUs: 16 total, 16 available
 Memory: 7860M
 Large Page Support: Disabled
 NUMA Support: Disabled
 Compressed Oops: Enabled (32-bit)
 Alignments: Space 512K, Generation 512K, Heap 2M
 Heap Min Capacity: 100M
 Heap Initial Capacity: 100M
 Heap Max Capacity: 2G
 Pre-touch: Disabled
 Parallel Workers: 13
Heap:
 PSYoungGen      total 9216K, used 9032K [0x00000000d5580000, 0x00000000d5f80000, 0x0000000100000000)
  eden space 8192K, 100% used [0x00000000d5580000,0x00000000d5d80000,0x00000000d5d80000)
  from space 1024K, 82% used [0x00000000d5d80000,0x00000000d5e521f0,0x00000000d5e80000)
  to   space 1024K, 0% used [0x00000000d5e80000,0x00000000d5e80000,0x00000000d5f80000)
 ParOldGen       total 1024512K, used 494888K [0x0000000080000000, 0x00000000be880000, 0x00000000d5580000)
  object space 1024512K, 48% used [0x0000000080000000,0x000000009e34a040,0x00000000be880000)
 Metaspace       used 80140K, committed 81792K, reserved 1179648K
  class space    used 8174K, committed 8896K, reserved 1048576K
GC Heap History (20 events):
Event: 623.734 GC heap before
{Heap before GC invocations=2296 (full 4):
 PSYoungGen      total 12288K, used 12272K [0x00000000d5580000, 0x00000000d6600000, 0x0000000100000000)
  eden space 10752K, 100% used [0x00000000d5580000,0x00000000d6000000,0x00000000d6000000)
  from space 1536K, 98% used [0x00000000d6000000,0x00000000d617c008,0x00000000d6180000)
  to   space 3072K, 0% used [0x00000000d6300000,0x00000000d6300000,0x00000000d6600000)
 ParOldGen       total 1024512K, used 484454K [0x0000000080000000, 0x00000000be880000, 0x00000000d5580000)
  object space 1024512K, 47% used [0x0000000080000000,0x000000009d919ab0,0x00000000be880000)
 Metaspace       used 80139K, committed 81792K, reserved 1179648K
  class space    used 8174K, committed 8896K, reserved 1048576K
}
Event: 623.741 GC heap after
{Heap after GC invocations=2296 (full 4):
 PSYoungGen      total 11264K, used 3053K [0x00000000d5580000, 0x00000000d6b00000, 0x0000000100000000)
  eden space 8192K, 0% used [0x00000000d5580000,0x00000000d5580000,0x00000000d5d80000)
  from space 3072K, 99% used [0x00000000d6300000,0x00000000d65fb5a0,0x00000000d6600000)
  to   space 5632K, 0% used [0x00000000d5d80000,0x00000000d5d80000,0x00000000d6300000)
 ParOldGen       total 1024512K, used 486189K [0x0000000080000000, 0x00000000be880000, 0x00000000d5580000)
  object space 1024512K, 47% used [0x0000000080000000,0x000000009dacb560,0x00000000be880000)
 Metaspace       used 80139K, committed 81792K, reserved 1179648K
  class space    used 8174K, committed 8896K, reserved 1048576K
}
Event: 623.897 GC heap before
{Heap before GC invocations=2297 (full 4):
 PSYoungGen      total 11264K, used 11245K [0x00000000d5580000, 0x00000000d6b00000, 0x0000000100000000)
  eden space 8192K, 100% used [0x00000000d5580000,0x00000000d5d80000,0x00000000d5d80000)
  from space 3072K, 99% used [0x00000000d6300000,0x00000000d65fb5a0,0x00000000d6600000)
  to   space 5632K, 0% used [0x00000000d5d80000,0x00000000d5d80000,0x00000000d6300000)
 ParOldGen       total 1024512K, used 486189K [0x0000000080000000, 0x00000000be880000, 0x00000000d5580000)
  object space 1024512K, 47% used [0x0000000080000000,0x000000009dacb560,0x00000000be880000)
 Metaspace       used 80140K, committed 81792K, reserved 1179648K
  class space    used 8174K, committed 8896K, reserved 1048576K
}
Event: 623.901 GC heap after
{Heap after GC invocations=2297 (full 4):
 PSYoungGen      total 9728K, used 1262K [0x00000000d5580000, 0x00000000d6380000, 0x0000000100000000)
  eden space 8192K, 0% used [0x00000000d5580000,0x00000000d5580000,0x00000000d5d80000)
  from space 1536K, 82% used [0x00000000d5d80000,0x00000000d5ebbab0,0x00000000d5f00000)
  to   space 2560K, 0% used [0x00000000d6100000,0x00000000d6100000,0x00000000d6380000)
 ParOldGen       total 1024512K, used 486661K [0x0000000080000000, 0x00000000be880000, 0x00000000d5580000)
  object space 1024512K, 47% used [0x0000000080000000,0x000000009db41560,0x00000000be880000)
 Metaspace       used 80140K, committed 81792K, reserved 1179648K
  class space    used 8174K, committed 8896K, reserved 1048576K
}
Event: 623.926 GC heap before
{Heap before GC invocations=2298 (full 4):
 PSYoungGen      total 9728K, used 9454K [0x00000000d5580000, 0x00000000d6380000, 0x0000000100000000)
  eden space 8192K, 100% used [0x00000000d5580000,0x00000000d5d80000,0x00000000d5d80000)
  from space 1536K, 82% used [0x00000000d5d80000,0x00000000d5ebbab0,0x00000000d5f00000)
  to   space 2560K, 0% used [0x00000000d6100000,0x00000000d6100000,0x00000000d6380000)
 ParOldGen       total 1024512K, used 486661K [0x0000000080000000, 0x00000000be880000, 0x00000000d5580000)
  object space 1024512K, 47% used [0x0000000080000000,0x000000009db41560,0x00000000be880000)
 Metaspace       used 80140K, committed 81792K, reserved 1179648K
  class space    used 8174K, committed 8896K, reserved 1048576K
}
Event: 623.931 GC heap after
{Heap after GC invocations=2298 (full 4):
 PSYoungGen      total 9728K, used 1206K [0x00000000d5580000, 0x00000000d6280000, 0x0000000100000000)
  eden space 8192K, 0% used [0x00000000d5580000,0x00000000d5580000,0x00000000d5d80000)
  from space 1536K, 78% used [0x00000000d6100000,0x00000000d622d808,0x00000000d6280000)
  to   space 1536K, 0% used [0x00000000d5d80000,0x00000000d5d80000,0x00000000d5f00000)
 ParOldGen       total 1024512K, used 487760K [0x0000000080000000, 0x00000000be880000, 0x00000000d5580000)
  object space 1024512K, 47% used [0x0000000080000000,0x000000009dc54218,0x00000000be880000)
 Metaspace       used 80140K, committed 81792K, reserved 1179648K
  class space    used 8174K, committed 8896K, reserved 1048576K
}
Event: 623.950 GC heap before
{Heap before GC invocations=2299 (full 4):
 PSYoungGen      total 9728K, used 9398K [0x00000000d5580000, 0x00000000d6280000, 0x0000000100000000)
  eden space 8192K, 100% used [0x00000000d5580000,0x00000000d5d80000,0x00000000d5d80000)
  from space 1536K, 78% used [0x00000000d6100000,0x00000000d622d808,0x00000000d6280000)
  to   space 1536K, 0% used [0x00000000d5d80000,0x00000000d5d80000,0x00000000d5f00000)
 ParOldGen       total 1024512K, used 487760K [0x0000000080000000, 0x00000000be880000, 0x00000000d5580000)
  object space 1024512K, 47% used [0x0000000080000000,0x000000009dc54218,0x00000000be880000)
 Metaspace       used 80140K, committed 81792K, reserved 1179648K
  class space    used 8174K, committed 8896K, reserved 1048576K
}
Event: 623.955 GC heap after
{Heap after GC invocations=2299 (full 4):
 PSYoungGen      total 9728K, used 1152K [0x00000000d5580000, 0x00000000d6180000, 0x0000000100000000)
  eden space 8192K, 0% used [0x00000000d5580000,0x00000000d5580000,0x00000000d5d80000)
  from space 1536K, 75% used [0x00000000d5d80000,0x00000000d5ea0000,0x00000000d5f00000)
  to   space 1536K, 0% used [0x00000000d6000000,0x00000000d6000000,0x00000000d6180000)
 ParOldGen       total 1024512K, used 488806K [0x0000000080000000, 0x00000000be880000, 0x00000000d5580000)
  object space 1024512K, 47% used [0x0000000080000000,0x000000009dd59a20,0x00000000be880000)
 Metaspace       used 80140K, committed 81792K, reserved 1179648K
  class space    used 8174K, committed 8896K, reserved 1048576K
}
Event: 623.977 GC heap before
{Heap before GC invocations=2300 (full 4):
 PSYoungGen      total 9728K, used 9344K [0x00000000d5580000, 0x00000000d6180000, 0x0000000100000000)
  eden space 8192K, 100% used [0x00000000d5580000,0x00000000d5d80000,0x00000000d5d80000)
  from space 1536K, 75% used [0x00000000d5d80000,0x00000000d5ea0000,0x00000000d5f00000)
  to   space 1536K, 0% used [0x00000000d6000000,0x00000000d6000000,0x00000000d6180000)
 ParOldGen       total 1024512K, used 488806K [0x0000000080000000, 0x00000000be880000, 0x00000000d5580000)
  object space 1024512K, 47% used [0x0000000080000000,0x000000009dd59a20,0x00000000be880000)
 Metaspace       used 80140K, committed 81792K, reserved 1179648K
  class space    used 8174K, committed 8896K, reserved 1048576K
}
Event: 623.982 GC heap after
{Heap after GC invocations=2300 (full 4):
 PSYoungGen      total 9728K, used 1292K [0x00000000d5580000, 0x00000000d6180000, 0x0000000100000000)
  eden space 8192K, 0% used [0x00000000d5580000,0x00000000d5580000,0x00000000d5d80000)
  from space 1536K, 84% used [0x00000000d6000000,0x00000000d6143008,0x00000000d6180000)
  to   space 1536K, 0% used [0x00000000d5d80000,0x00000000d5d80000,0x00000000d5f00000)
 ParOldGen       total 1024512K, used 489750K [0x0000000080000000, 0x00000000be880000, 0x00000000d5580000)
  object space 1024512K, 47% used [0x0000000080000000,0x000000009de45a20,0x00000000be880000)
 Metaspace       used 80140K, committed 81792K, reserved 1179648K
  class space    used 8174K, committed 8896K, reserved 1048576K
}
Event: 624.001 GC heap before
{Heap before GC invocations=2301 (full 4):
 PSYoungGen      total 9728K, used 9484K [0x00000000d5580000, 0x00000000d6180000, 0x0000000100000000)
  eden space 8192K, 100% used [0x00000000d5580000,0x00000000d5d80000,0x00000000d5d80000)
  from space 1536K, 84% used [0x00000000d6000000,0x00000000d6143008,0x00000000d6180000)
  to   space 1536K, 0% used [0x00000000d5d80000,0x00000000d5d80000,0x00000000d5f00000)
 ParOldGen       total 1024512K, used 489750K [0x0000000080000000, 0x00000000be880000, 0x00000000d5580000)
  object space 1024512K, 47% used [0x0000000080000000,0x000000009de45a20,0x00000000be880000)
 Metaspace       used 80140K, committed 81792K, reserved 1179648K
  class space    used 8174K, committed 8896K, reserved 1048576K
}
Event: 624.005 GC heap after
{Heap after GC invocations=2301 (full 4):
 PSYoungGen      total 9728K, used 1152K [0x00000000d5580000, 0x00000000d6080000, 0x0000000100000000)
  eden space 8192K, 0% used [0x00000000d5580000,0x00000000d5580000,0x00000000d5d80000)
  from space 1536K, 75% used [0x00000000d5d80000,0x00000000d5ea0000,0x00000000d5f00000)
  to   space 1536K, 0% used [0x00000000d5f00000,0x00000000d5f00000,0x00000000d6080000)
 ParOldGen       total 1024512K, used 490810K [0x0000000080000000, 0x00000000be880000, 0x00000000d5580000)
  object space 1024512K, 47% used [0x0000000080000000,0x000000009df4ea28,0x00000000be880000)
 Metaspace       used 80140K, committed 81792K, reserved 1179648K
  class space    used 8174K, committed 8896K, reserved 1048576K
}
Event: 624.027 GC heap before
{Heap before GC invocations=2302 (full 4):
 PSYoungGen      total 9728K, used 9344K [0x00000000d5580000, 0x00000000d6080000, 0x0000000100000000)
  eden space 8192K, 100% used [0x00000000d5580000,0x00000000d5d80000,0x00000000d5d80000)
  from space 1536K, 75% used [0x00000000d5d80000,0x00000000d5ea0000,0x00000000d5f00000)
  to   space 1536K, 0% used [0x00000000d5f00000,0x00000000d5f00000,0x00000000d6080000)
 ParOldGen       total 1024512K, used 490810K [0x0000000080000000, 0x00000000be880000, 0x00000000d5580000)
  object space 1024512K, 47% used [0x0000000080000000,0x000000009df4ea28,0x00000000be880000)
 Metaspace       used 80140K, committed 81792K, reserved 1179648K
  class space    used 8174K, committed 8896K, reserved 1048576K
}
Event: 624.033 GC heap after
{Heap after GC invocations=2302 (full 4):
 PSYoungGen      total 9728K, used 1152K [0x00000000d5580000, 0x00000000d6080000, 0x0000000100000000)
  eden space 8192K, 0% used [0x00000000d5580000,0x00000000d5580000,0x00000000d5d80000)
  from space 1536K, 75% used [0x00000000d5f00000,0x00000000d6020000,0x00000000d6080000)
  to   space 1536K, 0% used [0x00000000d5d80000,0x00000000d5d80000,0x00000000d5f00000)
 ParOldGen       total 1024512K, used 491824K [0x0000000080000000, 0x00000000be880000, 0x00000000d5580000)
  object space 1024512K, 48% used [0x0000000080000000,0x000000009e04c038,0x00000000be880000)
 Metaspace       used 80140K, committed 81792K, reserved 1179648K
  class space    used 8174K, committed 8896K, reserved 1048576K
}
Event: 624.058 GC heap before
{Heap before GC invocations=2303 (full 4):
 PSYoungGen      total 9728K, used 9344K [0x00000000d5580000, 0x00000000d6080000, 0x0000000100000000)
  eden space 8192K, 100% used [0x00000000d5580000,0x00000000d5d80000,0x00000000d5d80000)
  from space 1536K, 75% used [0x00000000d5f00000,0x00000000d6020000,0x00000000d6080000)
  to   space 1536K, 0% used [0x00000000d5d80000,0x00000000d5d80000,0x00000000d5f00000)
 ParOldGen       total 1024512K, used 491824K [0x0000000080000000, 0x00000000be880000, 0x00000000d5580000)
  object space 1024512K, 48% used [0x0000000080000000,0x000000009e04c038,0x00000000be880000)
 Metaspace       used 80140K, committed 81792K, reserved 1179648K
  class space    used 8174K, committed 8896K, reserved 1048576K
}
Event: 624.063 GC heap after
{Heap after GC invocations=2303 (full 4):
 PSYoungGen      total 9728K, used 1240K [0x00000000d5580000, 0x00000000d6080000, 0x0000000100000000)
  eden space 8192K, 0% used [0x00000000d5580000,0x00000000d5580000,0x00000000d5d80000)
  from space 1536K, 80% used [0x00000000d5d80000,0x00000000d5eb6008,0x00000000d5f00000)
  to   space 1536K, 0% used [0x00000000d5f00000,0x00000000d5f00000,0x00000000d6080000)
 ParOldGen       total 1024512K, used 492800K [0x0000000080000000, 0x00000000be880000, 0x00000000d5580000)
  object space 1024512K, 48% used [0x0000000080000000,0x000000009e140038,0x00000000be880000)
 Metaspace       used 80140K, committed 81792K, reserved 1179648K
  class space    used 8174K, committed 8896K, reserved 1048576K
}
Event: 624.096 GC heap before
{Heap before GC invocations=2304 (full 4):
 PSYoungGen      total 9728K, used 9432K [0x00000000d5580000, 0x00000000d6080000, 0x0000000100000000)
  eden space 8192K, 100% used [0x00000000d5580000,0x00000000d5d80000,0x00000000d5d80000)
  from space 1536K, 80% used [0x00000000d5d80000,0x00000000d5eb6008,0x00000000d5f00000)
  to   space 1536K, 0% used [0x00000000d5f00000,0x00000000d5f00000,0x00000000d6080000)
 ParOldGen       total 1024512K, used 492800K [0x0000000080000000, 0x00000000be880000, 0x00000000d5580000)
  object space 1024512K, 48% used [0x0000000080000000,0x000000009e140038,0x00000000be880000)
 Metaspace       used 80140K, committed 81792K, reserved 1179648K
  class space    used 8174K, committed 8896K, reserved 1048576K
}
Event: 624.100 GC heap after
{Heap after GC invocations=2304 (full 4):
 PSYoungGen      total 9728K, used 1120K [0x00000000d5580000, 0x00000000d6080000, 0x0000000100000000)
  eden space 8192K, 0% used [0x00000000d5580000,0x00000000d5580000,0x00000000d5d80000)
  from space 1536K, 72% used [0x00000000d5f00000,0x00000000d6018000,0x00000000d6080000)
  to   space 1536K, 0% used [0x00000000d5d80000,0x00000000d5d80000,0x00000000d5f00000)
 ParOldGen       total 1024512K, used 493880K [0x0000000080000000, 0x00000000be880000, 0x00000000d5580000)
  object space 1024512K, 48% used [0x0000000080000000,0x000000009e24e040,0x00000000be880000)
 Metaspace       used 80140K, committed 81792K, reserved 1179648K
  class space    used 8174K, committed 8896K, reserved 1048576K
}
Event: 624.310 GC heap before
{Heap before GC invocations=2305 (full 4):
 PSYoungGen      total 9728K, used 9312K [0x00000000d5580000, 0x00000000d6080000, 0x0000000100000000)
  eden space 8192K, 100% used [0x00000000d5580000,0x00000000d5d80000,0x00000000d5d80000)
  from space 1536K, 72% used [0x00000000d5f00000,0x00000000d6018000,0x00000000d6080000)
  to   space 1536K, 0% used [0x00000000d5d80000,0x00000000d5d80000,0x00000000d5f00000)
 ParOldGen       total 1024512K, used 493880K [0x0000000080000000, 0x00000000be880000, 0x00000000d5580000)
  object space 1024512K, 48% used [0x0000000080000000,0x000000009e24e040,0x00000000be880000)
 Metaspace       used 80140K, committed 81792K, reserved 1179648K
  class space    used 8174K, committed 8896K, reserved 1048576K
}
Event: 624.315 GC heap after
{Heap after GC invocations=2305 (full 4):
 PSYoungGen      total 9216K, used 840K [0x00000000d5580000, 0x00000000d5f80000, 0x0000000100000000)
  eden space 8192K, 0% used [0x00000000d5580000,0x00000000d5580000,0x00000000d5d80000)
  from space 1024K, 82% used [0x00000000d5d80000,0x00000000d5e521f0,0x00000000d5e80000)
  to   space 1024K, 0% used [0x00000000d5e80000,0x00000000d5e80000,0x00000000d5f80000)
 ParOldGen       total 1024512K, used 494888K [0x0000000080000000, 0x00000000be880000, 0x00000000d5580000)
  object space 1024512K, 48% used [0x0000000080000000,0x000000009e34a040,0x00000000be880000)
 Metaspace       used 80140K, committed 81792K, reserved 1179648K
  class space    used 8174K, committed 8896K, reserved 1048576K
}

