# JRE version: OpenJDK Runtime Environment Temurin-21.0.8+9 (21.0.8+9) (build 21.0.8+9-LTS)
# Java VM: OpenJDK 64-Bit Server VM Temurin-21.0.8+9 (21.0.8+9-LTS, mixed mode, sharing, tiered, compressed oops, compressed class ptrs, g1 gc, windows-amd64)
GC Precious Log:
 CardTable entry size: 512
 Card Set container configuration: InlinePtr #cards 5 size 8 Array Of Cards #cards 12 size 40 Howl #buckets 4 coarsen threshold 1843 Howl Bitmap #cards 512 size 80 coarsen threshold 460 Card regions per heap region 1 cards per card region 2048
 CPUs: 16 total, 16 available
 Memory: 7860M
 Large Page Support: Disabled
 NUMA Support: Disabled
 Compressed Oops: Enabled (32-bit)
 Heap Region Size: 1M
 Heap Min Capacity: 8M
 Heap Initial Capacity: 124M
 Heap Max Capacity: 1966M
 Pre-touch: Disabled
 Parallel Workers: 13
 Concurrent Workers: 3
 Concurrent Refinement Workers: 13
 Periodic GC: Disabled
Heap:
 garbage-first heap   total 147456K, used 90624K [0x0000000085200000, 0x0000000100000000)
  region size 1024K, 30 young (30720K), 4 survivors (4096K)
 Metaspace       used 44697K, committed 45312K, reserved 1114112K
  class space    used 4938K, committed 5184K, reserved 1048576K
GC Heap History (20 events):
Event: 569.524 GC heap before
{Heap before GC invocations=11 (full 0):
 garbage-first heap   total 73728K, used 51078K [0x0000000085200000, 0x0000000100000000)
  region size 1024K, 16 young (16384K), 4 survivors (4096K)
 Metaspace       used 35751K, committed 36096K, reserved 1114112K
  class space    used 4052K, committed 4224K, reserved 1048576K
}
Event: 569.535 GC heap after
{Heap after GC invocations=12 (full 0):
 garbage-first heap   total 89088K, used 44032K [0x0000000085200000, 0x0000000100000000)
  region size 1024K, 3 young (3072K), 3 survivors (3072K)
 Metaspace       used 35751K, committed 36096K, reserved 1114112K
  class space    used 4052K, committed 4224K, reserved 1048576K
}
Event: 570.310 GC heap before
{Heap before GC invocations=13 (full 0):
 garbage-first heap   total 89088K, used 68608K [0x0000000085200000, 0x0000000100000000)
  region size 1024K, 29 young (29696K), 3 survivors (3072K)
 Metaspace       used 37085K, committed 37440K, reserved 1114112K
  class space    used 4156K, committed 4288K, reserved 1048576K
}
Event: 570.321 GC heap after
{Heap after GC invocations=14 (full 0):
 garbage-first heap   total 89088K, used 46157K [0x0000000085200000, 0x0000000100000000)
  region size 1024K, 4 young (4096K), 4 survivors (4096K)
 Metaspace       used 37085K, committed 37440K, reserved 1114112K
  class space    used 4156K, committed 4288K, reserved 1048576K
}
Event: 570.895 GC heap before
{Heap before GC invocations=14 (full 0):
 garbage-first heap   total 89088K, used 70733K [0x0000000085200000, 0x0000000100000000)
  region size 1024K, 29 young (29696K), 4 survivors (4096K)
 Metaspace       used 38239K, committed 38656K, reserved 1114112K
  class space    used 4285K, committed 4480K, reserved 1048576K
}
Event: 570.903 GC heap after
{Heap after GC invocations=15 (full 0):
 garbage-first heap   total 89088K, used 46002K [0x0000000085200000, 0x0000000100000000)
  region size 1024K, 1 young (1024K), 1 survivors (1024K)
 Metaspace       used 38239K, committed 38656K, reserved 1114112K
  class space    used 4285K, committed 4480K, reserved 1048576K
}
Event: 571.559 GC heap before
{Heap before GC invocations=15 (full 0):
 garbage-first heap   total 89088K, used 74674K [0x0000000085200000, 0x0000000100000000)
  region size 1024K, 29 young (29696K), 1 survivors (1024K)
 Metaspace       used 38972K, committed 39488K, reserved 1114112K
  class space    used 4375K, committed 4608K, reserved 1048576K
}
Event: 571.565 GC heap after
{Heap after GC invocations=16 (full 0):
 garbage-first heap   total 89088K, used 46777K [0x0000000085200000, 0x0000000100000000)
  region size 1024K, 2 young (2048K), 2 survivors (2048K)
 Metaspace       used 38972K, committed 39488K, reserved 1114112K
  class space    used 4375K, committed 4608K, reserved 1048576K
}
Event: 572.001 GC heap before
{Heap before GC invocations=17 (full 0):
 garbage-first heap   total 89088K, used 76473K [0x0000000085200000, 0x0000000100000000)
  region size 1024K, 31 young (31744K), 2 survivors (2048K)
 Metaspace       used 39134K, committed 39616K, reserved 1114112K
  class space    used 4384K, committed 4608K, reserved 1048576K
}
Event: 572.012 GC heap after
{Heap after GC invocations=18 (full 0):
 garbage-first heap   total 107520K, used 48128K [0x0000000085200000, 0x0000000100000000)
  region size 1024K, 3 young (3072K), 3 survivors (3072K)
 Metaspace       used 39134K, committed 39616K, reserved 1114112K
  class space    used 4384K, committed 4608K, reserved 1048576K
}
Event: 572.439 GC heap before
{Heap before GC invocations=18 (full 0):
 garbage-first heap   total 107520K, used 91136K [0x0000000085200000, 0x0000000100000000)
  region size 1024K, 45 young (46080K), 3 survivors (3072K)
 Metaspace       used 39246K, committed 39744K, reserved 1114112K
  class space    used 4385K, committed 4608K, reserved 1048576K
}
Event: 572.450 GC heap after
{Heap after GC invocations=19 (full 0):
 garbage-first heap   total 107520K, used 47057K [0x0000000085200000, 0x0000000100000000)
  region size 1024K, 3 young (3072K), 3 survivors (3072K)
 Metaspace       used 39246K, committed 39744K, reserved 1114112K
  class space    used 4385K, committed 4608K, reserved 1048576K
}
Event: 574.452 GC heap before
{Heap before GC invocations=19 (full 0):
 garbage-first heap   total 107520K, used 92113K [0x0000000085200000, 0x0000000100000000)
  region size 1024K, 47 young (48128K), 3 survivors (3072K)
 Metaspace       used 41773K, committed 42304K, reserved 1114112K
  class space    used 4652K, committed 4928K, reserved 1048576K
}
Event: 574.471 GC heap after
{Heap after GC invocations=20 (full 0):
 garbage-first heap   total 107520K, used 49898K [0x0000000085200000, 0x0000000100000000)
  region size 1024K, 6 young (6144K), 6 survivors (6144K)
 Metaspace       used 41773K, committed 42304K, reserved 1114112K
  class space    used 4652K, committed 4928K, reserved 1048576K
}
Event: 574.610 GC heap before
{Heap before GC invocations=20 (full 0):
 garbage-first heap   total 107520K, used 50922K [0x0000000085200000, 0x0000000100000000)
  region size 1024K, 8 young (8192K), 6 survivors (6144K)
 Metaspace       used 41781K, committed 42304K, reserved 1114112K
  class space    used 4652K, committed 4928K, reserved 1048576K
}
Event: 574.629 GC heap after
{Heap after GC invocations=21 (full 0):
 garbage-first heap   total 107520K, used 49823K [0x0000000085200000, 0x0000000100000000)
  region size 1024K, 3 young (3072K), 3 survivors (3072K)
 Metaspace       used 41781K, committed 42304K, reserved 1114112K
  class space    used 4652K, committed 4928K, reserved 1048576K
}
Event: 575.383 GC heap before
{Heap before GC invocations=22 (full 0):
 garbage-first heap   total 107520K, used 101023K [0x0000000085200000, 0x0000000100000000)
  region size 1024K, 47 young (48128K), 3 survivors (3072K)
 Metaspace       used 41824K, committed 42432K, reserved 1114112K
  class space    used 4653K, committed 4928K, reserved 1048576K
}
Event: 575.410 GC heap after
{Heap after GC invocations=23 (full 0):
 garbage-first heap   total 119808K, used 69120K [0x0000000085200000, 0x0000000100000000)
  region size 1024K, 6 young (6144K), 6 survivors (6144K)
 Metaspace       used 41824K, committed 42432K, reserved 1114112K
  class space    used 4653K, committed 4928K, reserved 1048576K
}
Event: 576.566 GC heap before
{Heap before GC invocations=23 (full 0):
 garbage-first heap   total 119808K, used 100864K [0x0000000085200000, 0x0000000100000000)
  region size 1024K, 38 young (38912K), 6 survivors (6144K)
 Metaspace       used 43067K, committed 43648K, reserved 1114112K
  class space    used 4794K, committed 5056K, reserved 1048576K
}
Event: 576.583 GC heap after
{Heap after GC invocations=24 (full 0):
 garbage-first heap   total 147456K, used 65024K [0x0000000085200000, 0x0000000100000000)
  region size 1024K, 4 young (4096K), 4 survivors (4096K)
 Metaspace       used 43067K, committed 43648K, reserved 1114112K
  class space    used 4794K, committed 5056K, reserved 1048576K
}

